<?xml version="1.0" encoding="UTF-8"?>
<testng-results ignored="0" total="1" passed="1" failed="0" skipped="0">
  <reporter-output>
  </reporter-output>
  <suite started-at="2025-03-12T11:24:39 IST" name="myTestSuite" finished-at="2025-03-12T11:24:48 IST" duration-ms="8911">
    <groups>
    </groups>
    <test started-at="2025-03-12T11:24:39 IST" name="groupTest" finished-at="2025-03-12T11:24:48 IST" duration-ms="8911">
      <class name="testscripts.AdminUsersTest">
        <test-method is-config="true" signature="initializeBrowser(java.lang.String)[pri:0, instance:testscripts.AdminUsersTest@7c6908d7]" started-at="2025-03-12T11:24:39 IST" name="initializeBrowser" finished-at="2025-03-12T11:24:43 IST" duration-ms="3891" status="PASS">
          <params>
            <param index="0">
              <value>
                <![CDATA[chrome]]>
              </value>
            </param>
          </params>
          <reporter-output>
          </reporter-output>
        </test-method> <!-- initializeBrowser -->
        <test-method signature="verifyuserisableToCreateNewAdminUser()[pri:0, instance:testscripts.AdminUsersTest@7c6908d7]" started-at="2025-03-12T11:24:43 IST" name="verifyuserisableToCreateNewAdminUser" finished-at="2025-03-12T11:24:48 IST" duration-ms="4952" status="PASS">
          <reporter-output>
          </reporter-output>
        </test-method> <!-- verifyuserisableToCreateNewAdminUser -->
        <test-method is-config="true" signature="driverquit(org.testng.ITestResult)[pri:0, instance:testscripts.AdminUsersTest@7c6908d7]" started-at="2025-03-12T11:24:48 IST" name="driverquit" finished-at="2025-03-12T11:24:48 IST" duration-ms="1" status="PASS">
          <params>
            <param index="0">
              <value>
                <![CDATA[[TestResult name=verifyuserisableToCreateNewAdminUser status=SUCCESS method=AdminUsersTest.verifyuserisableToCreateNewAdminUser()[pri:0, instance:testscripts.AdminUsersTest@7c6908d7] output={null}]]]>
              </value>
            </param>
          </params>
          <reporter-output>
          </reporter-output>
        </test-method> <!-- driverquit -->
      </class> <!-- testscripts.AdminUsersTest -->
    </test> <!-- groupTest -->
  </suite> <!-- myTestSuite -->
</testng-results>
