<?xml version="1.0" encoding="UTF-8"?>
<testng-results ignored="0" total="3" passed="3" failed="0" skipped="0">
  <reporter-output>
  </reporter-output>
  <suite started-at="2025-03-20T11:37:17 IST" name="mytestsuite" finished-at="2025-03-20T11:37:42 IST" duration-ms="24510">
    <groups>
    </groups>
    <test started-at="2025-03-20T11:37:17 IST" name="testNG" finished-at="2025-03-20T11:37:42 IST" duration-ms="24510">
      <class name="testscripts.SubcategoryTest">
        <test-method is-config="true" signature="initializeBrowser(java.lang.String)[pri:0, instance:testscripts.SubcategoryTest@446a1e84]" started-at="2025-03-20T11:37:17 IST" name="initializeBrowser" finished-at="2025-03-20T11:37:21 IST" duration-ms="3268" status="PASS">
          <params>
            <param index="0">
              <value>
                <![CDATA[Chrome]]>
              </value>
            </param>
          </params>
          <reporter-output>
          </reporter-output>
        </test-method> <!-- initializeBrowser -->
        <test-method signature="deletesubCategory()[pri:0, instance:testscripts.SubcategoryTest@446a1e84]" started-at="2025-03-20T11:37:21 IST" name="deletesubCategory" finished-at="2025-03-20T11:37:24 IST" duration-ms="3594" status="PASS">
          <reporter-output>
          </reporter-output>
        </test-method> <!-- deletesubCategory -->
        <test-method is-config="true" signature="driverquit(org.testng.ITestResult)[pri:0, instance:testscripts.SubcategoryTest@446a1e84]" started-at="2025-03-20T11:37:24 IST" name="driverquit" finished-at="2025-03-20T11:37:24 IST" duration-ms="1" status="PASS">
          <params>
            <param index="0">
              <value>
                <![CDATA[[TestResult name=deletesubCategory status=SUCCESS method=SubcategoryTest.deletesubCategory()[pri:0, instance:testscripts.SubcategoryTest@446a1e84] output={null}]]]>
              </value>
            </param>
          </params>
          <reporter-output>
          </reporter-output>
        </test-method> <!-- driverquit -->
        <test-method is-config="true" signature="initializeBrowser(java.lang.String)[pri:0, instance:testscripts.SubcategoryTest@446a1e84]" started-at="2025-03-20T11:37:24 IST" name="initializeBrowser" finished-at="2025-03-20T11:37:29 IST" duration-ms="4365" status="PASS">
          <params>
            <param index="0">
              <value>
                <![CDATA[Chrome]]>
              </value>
            </param>
          </params>
          <reporter-output>
          </reporter-output>
        </test-method> <!-- initializeBrowser -->
        <test-method signature="verifyAddNewSubCategoryWithValidDetails()[pri:0, instance:testscripts.SubcategoryTest@446a1e84]" started-at="2025-03-20T11:37:29 IST" name="verifyAddNewSubCategoryWithValidDetails" finished-at="2025-03-20T11:37:33 IST" duration-ms="4688" status="PASS">
          <reporter-output>
          </reporter-output>
        </test-method> <!-- verifyAddNewSubCategoryWithValidDetails -->
        <test-method is-config="true" signature="driverquit(org.testng.ITestResult)[pri:0, instance:testscripts.SubcategoryTest@446a1e84]" started-at="2025-03-20T11:37:33 IST" name="driverquit" finished-at="2025-03-20T11:37:33 IST" duration-ms="0" status="PASS">
          <params>
            <param index="0">
              <value>
                <![CDATA[[TestResult name=verifyAddNewSubCategoryWithValidDetails status=SUCCESS method=SubcategoryTest.verifyAddNewSubCategoryWithValidDetails()[pri:0, instance:testscripts.SubcategoryTest@446a1e84] output={null}]]]>
              </value>
            </param>
          </params>
          <reporter-output>
          </reporter-output>
        </test-method> <!-- driverquit -->
        <test-method is-config="true" signature="initializeBrowser(java.lang.String)[pri:0, instance:testscripts.SubcategoryTest@446a1e84]" started-at="2025-03-20T11:37:33 IST" name="initializeBrowser" finished-at="2025-03-20T11:37:37 IST" duration-ms="3768" status="PASS">
          <params>
            <param index="0">
              <value>
                <![CDATA[Chrome]]>
              </value>
            </param>
          </params>
          <reporter-output>
          </reporter-output>
        </test-method> <!-- initializeBrowser -->
        <test-method signature="verifyuserisableToupdateCategory()[pri:0, instance:testscripts.SubcategoryTest@446a1e84]" started-at="2025-03-20T11:37:37 IST" name="verifyuserisableToupdateCategory" finished-at="2025-03-20T11:37:42 IST" duration-ms="4772" status="PASS">
          <reporter-output>
          </reporter-output>
        </test-method> <!-- verifyuserisableToupdateCategory -->
        <test-method is-config="true" signature="driverquit(org.testng.ITestResult)[pri:0, instance:testscripts.SubcategoryTest@446a1e84]" started-at="2025-03-20T11:37:42 IST" name="driverquit" finished-at="2025-03-20T11:37:42 IST" duration-ms="0" status="PASS">
          <params>
            <param index="0">
              <value>
                <![CDATA[[TestResult name=verifyuserisableToupdateCategory status=SUCCESS method=SubcategoryTest.verifyuserisableToupdateCategory()[pri:0, instance:testscripts.SubcategoryTest@446a1e84] output={null}]]]>
              </value>
            </param>
          </params>
          <reporter-output>
          </reporter-output>
        </test-method> <!-- driverquit -->
      </class> <!-- testscripts.SubcategoryTest -->
    </test> <!-- testNG -->
  </suite> <!-- mytestsuite -->
</testng-results>
