<?xml version="1.0" encoding="UTF-8"?>
<!-- Generated by org.testng.reporters.JUnitXMLReporter -->
<testsuite ignored="3" hostname="LAPTOP-1FVCPL3P" failures="0" tests="1" name="chrometest" time="2.207" errors="0" timestamp="2025-03-06T10:56:52 IST">
  <testcase classname="testscripts.LoginTest" name="verifyinvalidusernamewithvalidpassword" time="0.342"/>
  <testcase classname="testscripts.LoginTest" name="verifyUsenameAndPasswordWithInvalidCredentials" time="0.0">
    <ignored/>
  </testcase> <!-- verifyUsenameAndPasswordWithInvalidCredentials -->
  <testcase classname="testscripts.LoginTest" name="verifyuserloginWithValidvalidCredential" time="0.0">
    <ignored/>
  </testcase> <!-- verifyuserloginWithValidvalidCredential -->
  <testcase classname="testscripts.LoginTest" name="verifyloginaWithValidUsernameInvalidpassword" time="0.0">
    <ignored/>
  </testcase> <!-- verifyloginaWithValidUsernameInvalidpassword -->
</testsuite> <!-- chrometest -->
