<?xml version="1.0" encoding="UTF-8"?>
<!-- Generated by org.testng.reporters.JUnitXMLReporter -->
<testsuite ignored="3" hostname="LAPTOP-1FVCPL3P" failures="0" tests="1" name="test1" time="2.282" errors="0" timestamp="2025-03-06T11:02:49 IST">
  <testcase classname="testscripts.LoginTest" name="verifyinvalidusernamewithvalidpassword" time="0.424"/>
  <testcase classname="testscripts.LoginTest" name="verifyUsenameAndPasswordWithInvalidCredentials" time="0.0">
    <ignored/>
  </testcase> <!-- verifyUsenameAndPasswordWithInvalidCredentials -->
  <testcase classname="testscripts.LoginTest" name="verifyloginaWithValidUsernameInvalidpassword" time="0.0">
    <ignored/>
  </testcase> <!-- verifyloginaWithValidUsernameInvalidpassword -->
  <testcase classname="testscripts.LoginTest" name="verifyuserloginWithValidvalidCredential" time="0.0">
    <ignored/>
  </testcase> <!-- verifyuserloginWithValidvalidCredential -->
</testsuite> <!-- test1 -->
