<?xml version="1.0" encoding="UTF-8"?>
<!-- Generated by org.testng.reporters.JUnitXMLReporter -->
<testsuite ignored="0" hostname="LAPTOP-1FVCPL3P" failures="0" tests="6" name="test1" time="18.448" errors="0" timestamp="2025-03-06T10:45:51 IST">
  <testcase classname="testscripts.LoginTest" name="verifyUsenameAndPasswordWithInvalidCredentials" time="0.493"/>
  <testcase classname="testscripts.LoginTest" name="verifyinvalidusernamewithvalidpassword" time="0.458"/>
  <testcase classname="testscripts.LoginTest" name="verifyloginaWithValidUsernameInvalidpassword" time="0.388"/>
  <testcase classname="testscripts.LoginTest" name="verifyloginaWithValidUsernameInvalidpassword" time="0.374"/>
  <testcase classname="testscripts.LoginTest" name="verifyloginaWithValidUsernameInvalidpassword" time="0.483"/>
  <testcase classname="testscripts.LoginTest" name="verifyuserloginWithValidvalidCredential" time="0.911"/>
</testsuite> <!-- test1 -->
