<?xml version="1.0" encoding="UTF-8"?>
<!-- Generated by org.testng.reporters.JUnitXMLReporter -->
<testsuite ignored="0" hostname="LAPTOP-1FVCPL3P" failures="0" tests="6" name="test2" time="17.018" errors="0" timestamp="2025-03-06T10:45:49 IST">
  <testcase classname="testscripts.LoginTest" name="verifyUsenameAndPasswordWithInvalidCredentials" time="0.507"/>
  <testcase classname="testscripts.LoginTest" name="verifyinvalidusernamewithvalidpassword" time="0.327"/>
  <testcase classname="testscripts.LoginTest" name="verifyloginaWithValidUsernameInvalidpassword" time="0.369"/>
  <testcase classname="testscripts.LoginTest" name="verifyloginaWithValidUsernameInvalidpassword" time="0.399"/>
  <testcase classname="testscripts.LoginTest" name="verifyloginaWithValidUsernameInvalidpassword" time="0.479"/>
  <testcase classname="testscripts.LoginTest" name="verifyuserloginWithValidvalidCredential" time="1.39"/>
</testsuite> <!-- test2 -->
