<?xml version="1.0" encoding="UTF-8"?>
<!-- Generated by org.testng.reporters.JUnitXMLReporter -->
<testsuite ignored="4" hostname="LAPTOP-1FVCPL3P" failures="2" tests="2" name="groupTest" time="1.606" errors="0" timestamp="2025-03-14T10:46:47 IST">
  <testcase classname="testscripts.ManagenewsTest" name="verifyuserisableToAddNewNews" time="1.425">
    <failure type="java.lang.NullPointerException" message="Cannot invoke &amp;quot;org.openqa.selenium.SearchContext.findElement(org.openqa.selenium.By)&amp;quot; because &amp;quot;this.searchContext&amp;quot; is null">
      <![CDATA[java.lang.NullPointerException: Cannot invoke "org.openqa.selenium.SearchContext.findElement(org.openqa.selenium.By)" because "this.searchContext" is null
at org.openqa.selenium.support.pagefactory.DefaultElementLocator.findElement(DefaultElementLocator.java:68)
at org.openqa.selenium.support.pagefactory.internal.LocatingElementHandler.invoke(LocatingElementHandler.java:38)
at jdk.proxy2/jdk.proxy2.$Proxy13.sendKeys(Unknown Source)
at pages.LoginPage.loginusingexceldata(LoginPage.java:64)
at testscripts.ManagenewsTest.verifyuserisableToAddNewNews(ManagenewsTest.java:28)
at java.base/java.util.ArrayList.forEach(ArrayList.java:1511)
... Removed 27 stack frames]]>
    </failure>
  </testcase> <!-- verifyuserisableToAddNewNews -->
  <testcase classname="testscripts.ManagenewsTest" name="verifyuserisableTonewseditNews" time="0.059">
    <failure type="java.lang.NullPointerException" message="Cannot invoke &amp;quot;org.openqa.selenium.SearchContext.findElement(org.openqa.selenium.By)&amp;quot; because &amp;quot;this.searchContext&amp;quot; is null">
      <![CDATA[java.lang.NullPointerException: Cannot invoke "org.openqa.selenium.SearchContext.findElement(org.openqa.selenium.By)" because "this.searchContext" is null
at org.openqa.selenium.support.pagefactory.DefaultElementLocator.findElement(DefaultElementLocator.java:68)
at org.openqa.selenium.support.pagefactory.internal.LocatingElementHandler.invoke(LocatingElementHandler.java:38)
at jdk.proxy2/jdk.proxy2.$Proxy13.sendKeys(Unknown Source)
at pages.LoginPage.loginusingexceldata(LoginPage.java:64)
at testscripts.ManagenewsTest.verifyuserisableTonewseditNews(ManagenewsTest.java:41)
at java.base/java.util.ArrayList.forEach(ArrayList.java:1511)
... Removed 27 stack frames]]>
    </failure>
  </testcase> <!-- verifyuserisableTonewseditNews -->
  <testcase classname="testscripts.LoginTest" name="vrifyuserisAbletologinWithValidCredentials" time="0.0">
    <ignored/>
  </testcase> <!-- vrifyuserisAbletologinWithValidCredentials -->
  <testcase classname="testscripts.LoginTest" name="verifyUserIsableToLoginWithInvalidCredentials" time="0.0">
    <ignored/>
  </testcase> <!-- verifyUserIsableToLoginWithInvalidCredentials -->
  <testcase classname="testscripts.LoginTest" name="verifyUserIsabletologinWithValidUsernameInvalidpassword" time="0.0">
    <ignored/>
  </testcase> <!-- verifyUserIsabletologinWithValidUsernameInvalidpassword -->
  <testcase classname="testscripts.LoginTest" name="verifyUserisAbletoLoginWithinvalidusernameAndvalidpassword" time="0.0">
    <ignored/>
  </testcase> <!-- verifyUserisAbletoLoginWithinvalidusernameAndvalidpassword -->
</testsuite> <!-- groupTest -->
