<?xml version="1.0" encoding="UTF-8"?>
<!-- Generated by org.testng.reporters.JUnitXMLReporter -->
<testsuite ignored="0" hostname="LAPTOP-1FVCPL3P" failures="0" tests="3" name="testNG" time="24.51" errors="0" timestamp="2025-03-20T11:37:42 IST">
  <testcase classname="testscripts.SubcategoryTest" name="deletesubCategory" time="3.594"/>
  <testcase classname="testscripts.SubcategoryTest" name="verifyAddNewSubCategoryWithValidDetails" time="4.688"/>
  <testcase classname="testscripts.SubcategoryTest" name="verifyuserisableToupdateCategory" time="4.772"/>
</testsuite> <!-- testNG -->
