<?xml version="1.0" encoding="UTF-8"?>
<!-- Generated by org.testng.reporters.JUnitXMLReporter -->
<testsuite ignored="1" hostname="LAPTOP-1FVCPL3P" failures="0" tests="1" name="testNG" time="9.248" errors="0" timestamp="2025-03-12T09:20:12 IST">
  <testcase classname="testscripts.CategoryTest" name="verifyuserisableToupdatecategory" time="5.257"/>
  <testcase classname="testscripts.CategoryTest" name="verifyuserisableTocreateCategory" time="0.0">
    <ignored/>
  </testcase> <!-- verifyuserisableTocreateCategory -->
</testsuite> <!-- testNG -->
